    WindowsError
NameError: name 'WindowsError' is not defined

During handling of the above exception, another exception occurred:

    run_command('shutdown')
    user_function(self)
    wutils.run_program(Options.options.run, env, wutils.get_command_template(env),
    retval = subprocess.Popen(argv, env=proc_env, cwd=cwd).wait()
    self._execute_child(args, executable, preexec_fn, close_fds,
    WindowsError
NameError: name 'WindowsError' is not defined

During handling of the above exception, another exception occurred:

    run_command('shutdown')
    user_function(self)
    wutils.run_program(Options.options.run, env, wutils.get_command_template(env),
    retval = subprocess.Popen(argv, env=proc_env, cwd=cwd).wait()
    self._execute_child(args, executable, preexec_fn, close_fds,
    WindowsError
NameError: name 'WindowsError' is not defined

During handling of the above exception, another exception occurred:

    run_command('shutdown')
    user_function(self)
    wutils.run_program(Options.options.run, env, wutils.get_command_template(env),
    retval = subprocess.Popen(argv, env=proc_env, cwd=cwd).wait()
    self._execute_child(args, executable, preexec_fn, close_fds,
    WindowsError
NameError: name 'WindowsError' is not defined

During handling of the above exception, another exception occurred:

    run_command('shutdown')
    user_function(self)
    wutils.run_program(Options.options.run, env, wutils.get_command_template(env),
    retval = subprocess.Popen(argv, env=proc_env, cwd=cwd).wait()
    self._execute_child(args, executable, preexec_fn, close_fds,
    WindowsError
NameError: name 'WindowsError' is not defined

During handling of the above exception, another exception occurred:

    run_command('shutdown')
    user_function(self)
    wutils.run_program(Options.options.run, env, wutils.get_command_template(env),
    retval = subprocess.Popen(argv, env=proc_env, cwd=cwd).wait()
    self._execute_child(args, executable, preexec_fn, close_fds,
    WindowsError
NameError: name 'WindowsError' is not defined

During handling of the above exception, another exception occurred:

    run_command('shutdown')
    user_function(self)
    wutils.run_program(Options.options.run, env, wutils.get_command_template(env),
    retval = subprocess.Popen(argv, env=proc_env, cwd=cwd).wait()
    self._execute_child(args, executable, preexec_fn, close_fds,
    WindowsError
NameError: name 'WindowsError' is not defined

During handling of the above exception, another exception occurred:

    run_command('shutdown')
    user_function(self)
    wutils.run_program(Options.options.run, env, wutils.get_command_template(env),
    retval = subprocess.Popen(argv, env=proc_env, cwd=cwd).wait()
    self._execute_child(args, executable, preexec_fn, close_fds,
    WindowsError
NameError: name 'WindowsError' is not defined

During handling of the above exception, another exception occurred:

    run_command('shutdown')
    user_function(self)
    wutils.run_program(Options.options.run, env, wutils.get_command_template(env),
    retval = subprocess.Popen(argv, env=proc_env, cwd=cwd).wait()
    self._execute_child(args, executable, preexec_fn, close_fds,
    WindowsError
NameError: name 'WindowsError' is not defined

During handling of the above exception, another exception occurred:

    run_command('shutdown')
    user_function(self)
    wutils.run_program(Options.options.run, env, wutils.get_command_template(env),
    retval = subprocess.Popen(argv, env=proc_env, cwd=cwd).wait()
    self._execute_child(args, executable, preexec_fn, close_fds,
    WindowsError
NameError: name 'WindowsError' is not defined

During handling of the above exception, another exception occurred:

    run_command('shutdown')
    user_function(self)
    wutils.run_program(Options.options.run, env, wutils.get_command_template(env),
    retval = subprocess.Popen(argv, env=proc_env, cwd=cwd).wait()
    self._execute_child(args, executable, preexec_fn, close_fds,
11.164559414886749522111131227575	9.156794426193133773494992055930	1.500000000000000000000000000000	-0.707106781186547572737310929369	-0.707106781186547572737310929369	0.000000000000000000000000000000	0	67	0.000000000280552750239211250694	1
11.163688159630273943889733345713	9.155923170936658195273594174068	1.500000000000000000000000000000	-0.707106781186547572737310929369	-0.707106781186547572737310929369	0.000000000000000000000000000000	0	67	0.000000000597100581282499114621	1
11.162968424629083230570358864497	9.155203435935467481954219692852	1.500000000000000000000000000000	-0.707106781186547572737310929369	-0.707106781186547572737310929369	0.000000000000000000000000000000	0	66	0.000000000415839570512498495134	1
11.162097169372605875992121582385	9.154332180678990127375982410740	1.500000000000000000000000000000	-0.707106781186547572737310929369	-0.707106781186547572737310929369	0.000000000000000000000000000000	0	66	0.000000000799430281193726267860	1
11.161377434371415162672747101169	9.153612445677799414056607929524	1.500000000000000000000000000000	-0.707106781186547572737310929369	-0.707106781186547572737310929369	0.000000000000000000000000000000	0	66	0.000000000285359395242460367130	1
11.160506179114937808094509819057	9.152741190421322059478370647412	1.500000000000000000000000000000	-0.707106781186547572737310929369	-0.707106781186547572737310929369	0.000000000000000000000000000000	0	67	0.000000000585352580758994838190	1
11.159786444113745318418295937590	9.152021455420129569802156765945	1.500000000000000000000000000000	-0.707106781186547572737310929369	-0.707106781186547572737310929369	0.000000000000000000000000000000	0	67	0.000000000390568195758869452745	1
11.159066710526769128364321659319	9.151301721833153379748182487674	1.500000000000000000000000000000	-0.707106781186547572737310929369	-0.707106781186547572737310929369	0.000000000000000000000000000000	0	66	0.000000000499439988109215398677	1
11.158283842910826422212267061695	9.150518854217210673596127890050	1.500000000000000000000000000000	-0.707106781186547572737310929369	-0.707106781186547572737310929369	0.000000000000000000000000000000	0	67	0.000000000462176556896558941609	1
11.157500975294885492417051864322	9.149735986601269743800912692677	1.500000000000000000000000000000	-0.707106781186547572737310929369	-0.707106781186547572737310929369	0.000000000000000000000000000000	0	67	0.000000000437896567125398044660	1
11.156781240293687673670319782104	9.149016251600071925054180610459	1.500000000000000000000000000000	-0.707106781186547572737310929369	-0.707106781186547572737310929369	0.000000000000000000000000000000	0	67	0.000000000351128892765183955778	1
11.156061506706704378188987902831	9.148296518013088629572848731186	1.500000000000000000000000000000	-0.707106781186547572737310929369	-0.707106781186547572737310929369	0.000000000000000000000000000000	0	67	0.000000000324891631754920770292	1
11.155278639090761672036933305208	9.147513650397145923420794133563	1.500000000000000000000000000000	-0.707106781186547572737310929369	-0.707106781186547572737310929369	0.000000000000000000000000000000	0	67	0.000000000423384133085154796994	1
11.154495771474818965884878707584	9.146730782781203217268739535939	1.500000000000000000000000000000	-0.707106781186547572737310929369	-0.707106781186547572737310929369	0.000000000000000000000000000000	0	67	0.000000000392690693376519195025	1
11.153776036473621147138146625366	9.146011047780005398522007453721	1.500000000000000000000000000000	-0.707106781186547572737310929369	-0.707106781186547572737310929369	0.000000000000000000000000000000	0	67	0.000000000446706511399457935279	1
11.153056302886637851656814746093	9.145291314193022103040675574448	1.500000000000000000000000000000	-0.707106781186547572737310929369	-0.707106781186547572737310929369	0.000000000000000000000000000000	0	66	0.000000000251495574582193963427	1
11.152273435270695145504760148469	9.144508446577079396888620976824	1.500000000000000000000000000000	-0.707106781186547572737310929369	-0.707106781186547572737310929369	0.000000000000000000000000000000	0	67	0.000000000404173392904895942239	1
11.151490567654754215709544951096	9.143725578961138467093405779451	1.500000000000000000000000000000	-0.707106781186547572737310929369	-0.707106781186547572737310929369	0.000000000000000000000000000000	0	67	0.000000000543814812355559986339	1
11.150770832653556396962812868878	9.143005843959940648346673697233	1.500000000000000000000000000000	-0.707106781186547572737310929369	-0.707106781186547572737310929369	0.000000000000000000000000000000	0	67	0.000000000342367745529232546831	1
11.150051099066573101481480989605	9.142286110372957352865341817960	1.500000000000000000000000000000	-0.707106781186547572737310929369	-0.707106781186547572737310929369	0.000000000000000000000000000000	0	66	0.000000000328430130772248046656	1
11.149268231450630395329426391982	9.141503242757014646713287220336	1.500000000000000000000000000000	-0.707106781186547572737310929369	-0.707106781186547572737310929369	0.000000000000000000000000000000	0	66	0.000000000250016296618399825859	1
11.148485363834687689177371794358	9.140720375141071940561232622713	1.500000000000000000000000000000	-0.707106781186547572737310929369	-0.707106781186547572737310929369	0.000000000000000000000000000000	0	67	0.000000000435403288011370994985	1
11.147765628833489870430639712140	9.140000640139874121814500540495	1.500000000000000000000000000000	-0.707106781186547572737310929369	-0.707106781186547572737310929369	0.000000000000000000000000000000	0	66	0.000000000469053089010369346747	1
11.147045895246506574949307832867	9.139280906552890826333168661222	1.500000000000000000000000000000	-0.707106781186547572737310929369	-0.707106781186547572737310929369	0.000000000000000000000000000000	0	67	0.000000000443787735409950625300	1
11.146263027630565645154092635494	9.138498038936949896537953463849	1.500000000000000000000000000000	-0.707106781186547572737310929369	-0.707106781186547572737310929369	0.000000000000000000000000000000	0	66	0.000000000355658291219195435589	1
11.145480160014622939002038037870	9.137715171321007190385898866225	1.500000000000000000000000000000	-0.707106781186547572737310929369	-0.707106781186547572737310929369	0.000000000000000000000000000000	0	67	0.000000000409889922053477445822	1
11.144760425013425120255305955652	9.136995436319809371639166784007	1.500000000000000000000000000000	-0.707106781186547572737310929369	-0.707106781186547572737310929369	0.000000000000000000000000000000	0	67	0.000000000411341224722838428373	1
11.144040691426441824773974076379	9.136275702732826076157834904734	1.500000000000000000000000000000	-0.707106781186547572737310929369	-0.707106781186547572737310929369	0.000000000000000000000000000000	0	67	0.000000000385565300887426703905	1
11.143257823810499118621919478755	9.135492835116883370005780307110	1.500000000000000000000000000000	-0.707106781186547572737310929369	-0.707106781186547572737310929369	0.000000000000000000000000000000	0	67	0.000000000421471365560078537725	1
11.142474956194556412469864881132	9.134709967500940663853725709487	1.500000000000000000000000000000	-0.707106781186547572737310929369	-0.707106781186547572737310929369	0.000000000000000000000000000000	0	67	0.000000000506237043963471937779	1
11.141755221193358593723132798914	9.133990232499742845106993627269	1.500000000000000000000000000000	-0.707106781186547572737310929369	-0.707106781186547572737310929369	0.000000000000000000000000000000	0	67	0.000000000211886106190712841761	1
11.141035487606375298241800919641	9.133270498912759549625661747996	1.500000000000000000000000000000	-0.707106781186547572737310929369	-0.707106781186547572737310929369	0.000000000000000000000000000000	0	67	0.000000000441128346032720028489	1
11.140252619990434368446585722268	9.132487631296818619830446550623	1.500000000000000000000000000000	-0.707106781186547572737310929369	-0.707106781186547572737310929369	0.000000000000000000000000000000	0	66	0.000000000441670230736860582419	1
11.139469752374491662294531124644	9.131704763680875913678391952999	1.500000000000000000000000000000	-0.707106781186547572737310929369	-0.707106781186547572737310929369	0.000000000000000000000000000000	0	67	0.000000000302763768301330989241	1
11.138750017373293843547799042426	9.130985028679678094931659870781	1.500000000000000000000000000000	-0.707106781186547572737310929369	-0.707106781186547572737310929369	0.000000000000000000000000000000	0	66	0.000000000448979076668443767555	1
11.138030283786310548066467163153	9.130265295092694799450327991508	1.500000000000000000000000000000	-0.707106781186547572737310929369	-0.707106781186547572737310929369	0.000000000000000000000000000000	0	66	0.000000000471247558663608748633	1
11.137247416170367841914412565529	9.129482427476752093298273393884	1.500000000000000000000000000000	-0.707106781186547572737310929369	-0.707106781186547572737310929369	0.000000000000000000000000000000	0	66	0.000000000419141411882817691670	1
11.136464548554425135762357967906	9.128699559860809387146218796261	1.500000000000000000000000000000	-0.707106781186547572737310929369	-0.707106781186547572737310929369	0.000000000000000000000000000000	0	66	0.000000000471496929953742042684	1
11.135744813553227317015625885688	9.127979824859611568399486714043	1.500000000000000000000000000000	-0.707106781186547572737310929369	-0.707106781186547572737310929369	0.000000000000000000000000000000	0	67	0.000000000590242467098085969964	1
11.135025079966245797891133406665	9.127260091272630049274994235020	1.500000000000000000000000000000	-0.707106781186547572737310929369	-0.707106781186547572737310929369	0.000000000000000000000000000000	0	66	0.000000000366177193285222936325	1
11.134242212350303091739078809042	9.126477223656687343122939637396	1.500000000000000000000000000000	-0.707106781186547572737310929369	-0.707106781186547572737310929369	0.000000000000000000000000000000	0	67	0.000000000401152485598728435169	1
11.133459344734360385587024211418	9.125694356040744636970885039773	1.500000000000000000000000000000	-0.707106781186547572737310929369	-0.707106781186547572737310929369	0.000000000000000000000000000000	0	66	0.000000000399878527289645824240	1
11.132739609733162566840292129200	9.124974621039546818224152957555	1.500000000000000000000000000000	-0.707106781186547572737310929369	-0.707106781186547572737310929369	0.000000000000000000000000000000	0	66	0.000000000458996641399858265914	1
11.132019876146179271358960249927	9.124254887452563522742821078282	1.500000000000000000000000000000	-0.707106781186547572737310929369	-0.707106781186547572737310929369	0.000000000000000000000000000000	0	66	0.000000000458675143067139672330	1
11.131237008530236565206905652303	9.123472019836620816590766480658	1.500000000000000000000000000000	-0.707106781186547572737310929369	-0.707106781186547572737310929369	0.000000000000000000000000000000	0	66	0.000000000458152923445540238126	1
11.130454140914293859054851054680	9.122689152220678110438711883035	1.500000000000000000000000000000	-0.707106781186547572737310929369	-0.707106781186547572737310929369	0.000000000000000000000000000000	0	67	0.000000000464396849529091813646	1
11.129734405913096040308118972462	9.121969417219480291691979800817	1.500000000000000000000000000000	-0.707106781186547572737310929369	-0.707106781186547572737310929369	0.000000000000000000000000000000	0	66	0.000000000354301198222671631880	1
10.688986623942332343517591652926	14.287368744466910186474706279114	1.500000000000000000000000000000	0.707106781186547572737310929369	-0.707106781186547572737310929369	0.000000000000000000000000000000	0	67	0.000000000483864420900516547999	2
10.689857879198807921738989534788	14.286497489210434608253308397252	1.500000000000000000000000000000	0.707106781186547572737310929369	-0.707106781186547572737310929369	0.000000000000000000000000000000	0	67	0.000000000296550289059675993715	2
