    WindowsError
NameError: name 'WindowsError' is not defined

During handling of the above exception, another exception occurred:

    run_command('shutdown')
    user_function(self)
    wutils.run_program(Options.options.run, env, wutils.get_command_template(env),
    retval = subprocess.Popen(argv, env=proc_env, cwd=cwd).wait()
    self._execute_child(args, executable, preexec_fn, close_fds,
    WindowsError
NameError: name 'WindowsError' is not defined

During handling of the above exception, another exception occurred:

    run_command('shutdown')
    user_function(self)
    wutils.run_program(Options.options.run, env, wutils.get_command_template(env),
    retval = subprocess.Popen(argv, env=proc_env, cwd=cwd).wait()
    self._execute_child(args, executable, preexec_fn, close_fds,
    WindowsError
NameError: name 'WindowsError' is not defined

During handling of the above exception, another exception occurred:

    run_command('shutdown')
    user_function(self)
    wutils.run_program(Options.options.run, env, wutils.get_command_template(env),
    retval = subprocess.Popen(argv, env=proc_env, cwd=cwd).wait()
    self._execute_child(args, executable, preexec_fn, close_fds,
    WindowsError
NameError: name 'WindowsError' is not defined

During handling of the above exception, another exception occurred:

    run_command('shutdown')
    user_function(self)
    wutils.run_program(Options.options.run, env, wutils.get_command_template(env),
    retval = subprocess.Popen(argv, env=proc_env, cwd=cwd).wait()
    self._execute_child(args, executable, preexec_fn, close_fds,
    WindowsError
NameError: name 'WindowsError' is not defined

During handling of the above exception, another exception occurred:

    run_command('shutdown')
    user_function(self)
    wutils.run_program(Options.options.run, env, wutils.get_command_template(env),
    retval = subprocess.Popen(argv, env=proc_env, cwd=cwd).wait()
    self._execute_child(args, executable, preexec_fn, close_fds,
    WindowsError
NameError: name 'WindowsError' is not defined

During handling of the above exception, another exception occurred:

    run_command('shutdown')
    user_function(self)
    wutils.run_program(Options.options.run, env, wutils.get_command_template(env),
    retval = subprocess.Popen(argv, env=proc_env, cwd=cwd).wait()
    self._execute_child(args, executable, preexec_fn, close_fds,
    WindowsError
NameError: name 'WindowsError' is not defined

During handling of the above exception, another exception occurred:

    run_command('shutdown')
    user_function(self)
    wutils.run_program(Options.options.run, env, wutils.get_command_template(env),
    retval = subprocess.Popen(argv, env=proc_env, cwd=cwd).wait()
    self._execute_child(args, executable, preexec_fn, close_fds,
    WindowsError
NameError: name 'WindowsError' is not defined

During handling of the above exception, another exception occurred:

    run_command('shutdown')
    user_function(self)
    wutils.run_program(Options.options.run, env, wutils.get_command_template(env),
    retval = subprocess.Popen(argv, env=proc_env, cwd=cwd).wait()
    self._execute_child(args, executable, preexec_fn, close_fds,
    WindowsError
NameError: name 'WindowsError' is not defined

During handling of the above exception, another exception occurred:

    run_command('shutdown')
    user_function(self)
    wutils.run_program(Options.options.run, env, wutils.get_command_template(env),
    retval = subprocess.Popen(argv, env=proc_env, cwd=cwd).wait()
    self._execute_child(args, executable, preexec_fn, close_fds,
    WindowsError
NameError: name 'WindowsError' is not defined

During handling of the above exception, another exception occurred:

    run_command('shutdown')
    user_function(self)
    wutils.run_program(Options.options.run, env, wutils.get_command_template(env),
    retval = subprocess.Popen(argv, env=proc_env, cwd=cwd).wait()
    self._execute_child(args, executable, preexec_fn, close_fds,
15.501738382176782238275336567312	7.590608821664968530740225105546	1.500000000000000000000000000000	0.707106781186547572737310929369	-0.707106781186547572737310929369	0.000000000000000000000000000000	0	66	0.000000000497331342183258080121	1
15.502609637433257816496734449174	7.589737566408492064340407523559	1.500000000000000000000000000000	0.707106781186547572737310929369	-0.707106781186547572737310929369	0.000000000000000000000000000000	0	66	0.000000000628521485252676705579	1
15.503329372434448529816108930390	7.589017831407302239199452742469	1.500000000000000000000000000000	0.707106781186547572737310929369	-0.707106781186547572737310929369	0.000000000000000000000000000000	0	66	0.000000000706875587289696239141	1
15.504200627690925884394346212503	7.588146576150825772799635160482	1.500000000000000000000000000000	0.707106781186547572737310929369	-0.707106781186547572737310929369	0.000000000000000000000000000000	0	66	0.000000000767048332076942528014	1
15.504920362692116597713720693719	7.587426841149635947658680379391	1.500000000000000000000000000000	0.707106781186547572737310929369	-0.707106781186547572737310929369	0.000000000000000000000000000000	0	66	0.000000000948529304183551577026	1
15.505791617948593952291957975831	7.586555585893159481258862797404	1.500000000000000000000000000000	0.707106781186547572737310929369	-0.707106781186547572737310929369	0.000000000000000000000000000000	0	66	0.000000000589721035806846202741	1
15.506511352949786441968171857297	7.585835850891969656117908016313	1.500000000000000000000000000000	0.707106781186547572737310929369	-0.707106781186547572737310929369	0.000000000000000000000000000000	0	66	0.000000000579724811550304036910	1
15.507231086536762632022146135569	7.585116117304992577885514037916	1.500000000000000000000000000000	0.707106781186547572737310929369	-0.707106781186547572737310929369	0.000000000000000000000000000000	0	66	0.000000000486784946534658525687	1
15.508013954152705338174200733192	7.584333249689057865339236741420	1.500000000000000000000000000000	0.707106781186547572737310929369	-0.707106781186547572737310929369	0.000000000000000000000000000000	0	66	0.000000000491712784599558918022	1
15.508796821768646267969415930565	7.583550382073122264614539744798	1.500000000000000000000000000000	0.707106781186547572737310929369	-0.707106781186547572737310929369	0.000000000000000000000000000000	0	66	0.000000000858158495382247169308	1
15.509516556769844086716148012783	7.582830647071932439473584963707	1.500000000000000000000000000000	0.707106781186547572737310929369	-0.707106781186547572737310929369	0.000000000000000000000000000000	0	66	0.000000000540494247046833662673	1
15.510236290356827382197479892056	7.582110913484955361241190985311	1.500000000000000000000000000000	0.707106781186547572737310929369	-0.707106781186547572737310929369	0.000000000000000000000000000000	0	66	0.000000000414441670778813100546	1
15.511019157972770088349534489680	7.581328045869020648694913688814	1.500000000000000000000000000000	0.707106781186547572737310929369	-0.707106781186547572737310929369	0.000000000000000000000000000000	0	66	0.000000000610207594742234022586	1
15.511802025588712794501589087304	7.580545178253085936148636392318	1.500000000000000000000000000000	0.707106781186547572737310929369	-0.707106781186547572737310929369	0.000000000000000000000000000000	0	66	0.000000000589525787134076629383	1
15.512521760589910613248321169522	7.579825443251896111007681611227	1.500000000000000000000000000000	0.707106781186547572737310929369	-0.707106781186547572737310929369	0.000000000000000000000000000000	0	66	0.000000000634919780017561424588	1
15.513241494176893908729653048795	7.579105709664919032775287632830	1.500000000000000000000000000000	0.707106781186547572737310929369	-0.707106781186547572737310929369	0.000000000000000000000000000000	0	66	0.000000000257030693941684635911	1
15.514024361792836614881707646418	7.578322842048984320229010336334	1.500000000000000000000000000000	0.707106781186547572737310929369	-0.707106781186547572737310929369	0.000000000000000000000000000000	0	66	0.000000000593704592058670153660	1
15.514807229408777544676922843792	7.577539974433048719504313339712	1.500000000000000000000000000000	0.707106781186547572737310929369	-0.707106781186547572737310929369	0.000000000000000000000000000000	0	66	0.000000000766940480280847162183	1
15.515526964409975363423654926009	7.576820239431858894363358558621	1.500000000000000000000000000000	0.707106781186547572737310929369	-0.707106781186547572737310929369	0.000000000000000000000000000000	0	66	0.000000000788264161961709020033	1
15.516246697996958658904986805283	7.576100505844881816130964580225	1.500000000000000000000000000000	0.707106781186547572737310929369	-0.707106781186547572737310929369	0.000000000000000000000000000000	0	66	0.000000000757464216767697943077	1
15.517029565612901365057041402906	7.575317638228947103584687283728	1.500000000000000000000000000000	0.707106781186547572737310929369	-0.707106781186547572737310929369	0.000000000000000000000000000000	0	66	0.000000000840734817590664636899	1
15.517812433228844071209096000530	7.574534770613012391038409987232	1.500000000000000000000000000000	0.707106781186547572737310929369	-0.707106781186547572737310929369	0.000000000000000000000000000000	0	66	0.000000000689552730896939363070	1
15.518532168230041889955828082748	7.573815035611822565897455206141	1.500000000000000000000000000000	0.707106781186547572737310929369	-0.707106781186547572737310929369	0.000000000000000000000000000000	0	66	0.000000000608814507022667630692	1
15.519251901817025185437159962021	7.573095302024845487665061227744	1.500000000000000000000000000000	0.707106781186547572737310929369	-0.707106781186547572737310929369	0.000000000000000000000000000000	0	66	0.000000000590587644729922199079	1
15.520034769432966115232375159394	7.572312434408909886940364231123	1.500000000000000000000000000000	0.707106781186547572737310929369	-0.707106781186547572737310929369	0.000000000000000000000000000000	0	66	0.000000000711114645836565545390	1
15.520817637048908821384429757018	7.571529566792975174394086934626	1.500000000000000000000000000000	0.707106781186547572737310929369	-0.707106781186547572737310929369	0.000000000000000000000000000000	0	66	0.000000000790567102076927368114	1
15.521537372050106640131161839236	7.570809831791785349253132153535	1.500000000000000000000000000000	0.707106781186547572737310929369	-0.707106781186547572737310929369	0.000000000000000000000000000000	0	66	0.000000000643582540127122365236	1
15.522257105637089935612493718509	7.570090098204808271020738175139	1.500000000000000000000000000000	0.707106781186547572737310929369	-0.707106781186547572737310929369	0.000000000000000000000000000000	0	66	0.000000000488644235412165824431	1
15.523039973253032641764548316132	7.569307230588873558474460878642	1.500000000000000000000000000000	0.707106781186547572737310929369	-0.707106781186547572737310929369	0.000000000000000000000000000000	0	66	0.000000000718018863825613921563	1
15.523822840868975347916602913756	7.568524362972938845928183582146	1.500000000000000000000000000000	0.707106781186547572737310929369	-0.707106781186547572737310929369	0.000000000000000000000000000000	0	66	0.000000000907038876405602223281	1
15.524542575870173166663334995974	7.567804627971749020787228801055	1.500000000000000000000000000000	0.707106781186547572737310929369	-0.707106781186547572737310929369	0.000000000000000000000000000000	0	66	0.000000000587982032560554973626	1
15.525262309457156462144666875247	7.567084894384771942554834822658	1.500000000000000000000000000000	0.707106781186547572737310929369	-0.707106781186547572737310929369	0.000000000000000000000000000000	0	66	0.000000000827092567111648831507	1
15.526045177073097391939882072620	7.566302026768836341830137826037	1.500000000000000000000000000000	0.707106781186547572737310929369	-0.707106781186547572737310929369	0.000000000000000000000000000000	0	66	0.000000000714935560348416834147	1
15.526828044689040098091936670244	7.565519159152901629283860529540	1.500000000000000000000000000000	0.707106781186547572737310929369	-0.707106781186547572737310929369	0.000000000000000000000000000000	0	66	0.000000000835190688234275718259	1
15.527547779690237916838668752462	7.564799424151711804142905748449	1.500000000000000000000000000000	0.707106781186547572737310929369	-0.707106781186547572737310929369	0.000000000000000000000000000000	0	66	0.000000000668282207529846385318	1
15.528267513277221212320000631735	7.564079690564734725910511770053	1.500000000000000000000000000000	0.707106781186547572737310929369	-0.707106781186547572737310929369	0.000000000000000000000000000000	0	66	0.000000000685895690656743056719	1
15.529050380893163918472055229358	7.563296822948800013364234473556	1.500000000000000000000000000000	0.707106781186547572737310929369	-0.707106781186547572737310929369	0.000000000000000000000000000000	0	66	0.000000000580925428703419298211	1
15.529833248509106624624109826982	7.562513955332865300817957177060	1.500000000000000000000000000000	0.707106781186547572737310929369	-0.707106781186547572737310929369	0.000000000000000000000000000000	0	66	0.000000000369303214726367834250	1
15.530552983510304443370841909200	7.561794220331675475677002395969	1.500000000000000000000000000000	0.707106781186547572737310929369	-0.707106781186547572737310929369	0.000000000000000000000000000000	0	66	0.000000000974022351901796420898	1
15.531272717097285962495334388223	7.561074486744697509266188717447	1.500000000000000000000000000000	0.707106781186547572737310929369	-0.707106781186547572737310929369	0.000000000000000000000000000000	0	66	0.000000000646855435820744330821	1
15.532055584713228668647388985846	7.560291619128762796719911420951	1.500000000000000000000000000000	0.707106781186547572737310929369	-0.707106781186547572737310929369	0.000000000000000000000000000000	0	66	0.000000000553101333058623474674	1
15.532838452329171374799443583470	7.559508751512828084173634124454	1.500000000000000000000000000000	0.707106781186547572737310929369	-0.707106781186547572737310929369	0.000000000000000000000000000000	0	66	0.000000000684539911512436892651	1
15.533558187330369193546175665688	7.558789016511638259032679343363	1.500000000000000000000000000000	0.707106781186547572737310929369	-0.707106781186547572737310929369	0.000000000000000000000000000000	0	66	0.000000000669133582605565646667	1
15.534277920917352489027507544961	7.558069282924661180800285364967	1.500000000000000000000000000000	0.707106781186547572737310929369	-0.707106781186547572737310929369	0.000000000000000000000000000000	0	66	0.000000000724698817910009177856	1
15.535060788533295195179562142584	7.557286415308726468254008068470	1.500000000000000000000000000000	0.707106781186547572737310929369	-0.707106781186547572737310929369	0.000000000000000000000000000000	0	66	0.000000000665795447780650028790	1
15.535843656149237901331616740208	7.556503547692791755707730771974	1.500000000000000000000000000000	0.707106781186547572737310929369	-0.707106781186547572737310929369	0.000000000000000000000000000000	0	66	0.000000000709051309228316062612	1
15.536563391150435720078348822426	7.555783812691601930566775990883	1.500000000000000000000000000000	0.707106781186547572737310929369	-0.707106781186547572737310929369	0.000000000000000000000000000000	0	66	0.000000000513023133649795111837	1
17.899902896542055685813465970568	4.638925747452243619761702575488	1.500000000000000000000000000000	0.707106781186547572737310929369	-0.707106781186547572737310929369	0.000000000000000000000000000000	0	66	0.000000000693527623440030991818	2
17.900774151798540145819060853682	4.638054492195767153361884993501	1.500000000000000000000000000000	0.707106781186547572737310929369	-0.707106781186547572737310929369	0.000000000000000000000000000000	0	66	0.000000000653531398843358672352	2
17.901493886799737964565792935900	4.637334757194577328220930212410	1.500000000000000000000000000000	0.707106781186547572737310929369	-0.707106781186547572737310929369	0.000000000000000000000000000000	0	66	0.000000000457495203338099451444	2
17.902365142056218871857709018514	4.636463501938100861821112630423	1.500000000000000000000000000000	0.707106781186547572737310929369	-0.707106781186547572737310929369	0.000000000000000000000000000000	0	66	0.000000000747804635988161138563	2
17.903084877057416690604441100731	4.635743766936911036680157849332	1.500000000000000000000000000000	0.707106781186547572737310929369	-0.707106781186547572737310929369	0.000000000000000000000000000000	0	66	0.000000000318211397796027056058	2
17.903956132313897597896357183345	4.634872511680434570280340267345	1.500000000000000000000000000000	0.707106781186547572737310929369	-0.707106781186547572737310929369	0.000000000000000000000000000000	0	66	0.000000000481631342040075227915	2
17.904675867315095416643089265563	4.634152776679244745139385486254	1.500000000000000000000000000000	0.707106781186547572737310929369	-0.707106781186547572737310929369	0.000000000000000000000000000000	0	66	0.000000000570516558419950913086	2
17.905395600902078712124421144836	4.633433043092267666906991507858	1.500000000000000000000000000000	0.707106781186547572737310929369	-0.707106781186547572737310929369	0.000000000000000000000000000000	0	66	0.000000000511626752820311194922	2
17.906178468518021418276475742459	4.632650175476332954360714211361	1.500000000000000000000000000000	0.707106781186547572737310929369	-0.707106781186547572737310929369	0.000000000000000000000000000000	0	66	0.000000000534804345119176226089	2
17.906961336133964124428530340083	4.631867307860397353636017214740	1.500000000000000000000000000000	0.707106781186547572737310929369	-0.707106781186547572737310929369	0.000000000000000000000000000000	0	66	0.000000000524319944554901627257	2
17.907681071135161943175262422301	4.631147572859207528495062433649	1.500000000000000000000000000000	0.707106781186547572737310929369	-0.707106781186547572737310929369	0.000000000000000000000000000000	0	66	0.000000000480867415739724541462	2
17.908400804722141685942915501073	4.630427839272230450262668455252	1.500000000000000000000000000000	0.707106781186547572737310929369	-0.707106781186547572737310929369	0.000000000000000000000000000000	0	66	0.000000000482115431535713846974	2
17.909183672338080839381291298196	4.629644971656295737716391158756	1.500000000000000000000000000000	0.707106781186547572737310929369	-0.707106781186547572737310929369	0.000000000000000000000000000000	0	66	0.000000000751827601531163672458	2
17.909966539954023545533345895819	4.628862104040361025170113862259	1.500000000000000000000000000000	0.707106781186547572737310929369	-0.707106781186547572737310929369	0.000000000000000000000000000000	0	66	0.000000000564091792983881153108	2
17.910686274955221364280077978037	4.628142369039171200029159081168	1.500000000000000000000000000000	0.707106781186547572737310929369	-0.707106781186547572737310929369	0.000000000000000000000000000000	0	66	0.000000000541839887091182864690	2
17.911406008542204659761409857310	4.627422635452194121796765102772	1.500000000000000000000000000000	0.707106781186547572737310929369	-0.707106781186547572737310929369	0.000000000000000000000000000000	0	66	0.000000000588140582533446073374	2
17.912188876158147365913464454934	4.626639767836259409250487806275	1.500000000000000000000000000000	0.707106781186547572737310929369	-0.707106781186547572737310929369	0.000000000000000000000000000000	0	66	0.000000000583982852190767961020	2
17.912971743774090072065519052558	4.625856900220323808525790809654	1.500000000000000000000000000000	0.707106781186547572737310929369	-0.707106781186547572737310929369	0.000000000000000000000000000000	0	66	0.000000000740994308973081957491	2
17.913691478775284338098572334275	4.625137165219133983384836028563	1.500000000000000000000000000000	0.707106781186547572737310929369	-0.707106781186547572737310929369	0.000000000000000000000000000000	0	66	0.000000000465209693671274837678	2
17.914411212362267633579904213548	4.624417431632156905152442050166	1.500000000000000000000000000000	0.707106781186547572737310929369	-0.707106781186547572737310929369	0.000000000000000000000000000000	0	66	0.000000000689895772548553229870	2
17.915194079978206787018280010670	4.623634564016222192606164753670	1.500000000000000000000000000000	0.707106781186547572737310929369	-0.707106781186547572737310929369	0.000000000000000000000000000000	0	66	0.000000000771386990251201819855	2
17.915976947594149493170334608294	4.622851696400287480059887457173	1.500000000000000000000000000000	0.707106781186547572737310929369	-0.707106781186547572737310929369	0.000000000000000000000000000000	0	66	0.000000000564004490642155985243	2
17.916696682595347311917066690512	4.622131961399097654918932676082	1.500000000000000000000000000000	0.707106781186547572737310929369	-0.707106781186547572737310929369	0.000000000000000000000000000000	0	66	0.000000000545897724315121589963	2
17.917416416182330607398398569785	4.621412227812120576686538697686	1.500000000000000000000000000000	0.707106781186547572737310929369	-0.707106781186547572737310929369	0.000000000000000000000000000000	0	66	0.000000000636592888645609539445	2
17.918199283798273313550453167409	4.620629360196184975961841701064	1.500000000000000000000000000000	0.707106781186547572737310929369	-0.707106781186547572737310929369	0.000000000000000000000000000000	0	66	0.000000000560579108710386658601	2
